INFO:2019-04-11 14:05:29,276::
2 interfaces are defined
INFO:2019-04-11 14:05:29,285::
Running: sudo ifconfig wlx000f55a91b12 down
INFO:2019-04-11 14:05:32,350::
Running: sudo ip addr flush dev wlx000f55a91b12
INFO:2019-04-11 14:05:32,619::
Running: sudo iw dev wlx000f55a91b12 set type ibss
INFO:2019-04-11 14:05:32,676::
Running: sudo rfkill unblock all
INFO:2019-04-11 14:05:32,760::
Running: sudo ifconfig wlx000f55a91b12 up
INFO:2019-04-11 14:05:33,026::
Running: sudo iw dev wlx000f55a91b12 ibss join ISE-19 2437 HT20 fixed-freq 02:12:34:56:78:9D
INFO:2019-04-11 14:05:33,038::
Running: sudo ip link set mtu 1500 dev wlx000f55a91b12
INFO:2019-04-11 14:05:33,048::
Running: sudo ifconfig wlx000f55a91b12 10.10.1.14/24
ERROR:2019-04-11 14:05:33,055::
Unexpected interface configuration mode given !
INFO:2019-04-11 14:06:38,251::
2 interfaces are defined
INFO:2019-04-11 14:06:38,251::
Running: sudo ifconfig wlx000f55a91b12 down
INFO:2019-04-11 14:06:38,778::
Running: sudo ip addr flush dev wlx000f55a91b12
INFO:2019-04-11 14:06:38,795::
Running: sudo iw dev wlx000f55a91b12 set type ibss
INFO:2019-04-11 14:06:38,803::
Running: sudo rfkill unblock all
INFO:2019-04-11 14:06:38,810::
Running: sudo ifconfig wlx000f55a91b12 up
INFO:2019-04-11 14:06:39,086::
Running: sudo iw dev wlx000f55a91b12 ibss join ISE-19 2437 HT20 fixed-freq 02:12:34:56:78:9D
INFO:2019-04-11 14:06:39,097::
Running: sudo ip link set mtu 1500 dev wlx000f55a91b12
INFO:2019-04-11 14:06:39,105::
Running: sudo ifconfig wlx000f55a91b12 10.10.1.14/24
ERROR:2019-04-11 14:06:39,118::
Unexpected interface configuration mode given !
ERROR:2019-04-11 14:06:39,118::
Unexpected interface configuration mode given !
INFO:2019-04-11 14:54:38,826::
2 interfaces are defined
INFO:2019-04-11 14:54:38,828::
Running: sudo ifconfig wlx000f55a91b12 down
INFO:2019-04-11 14:54:39,340::
Running: sudo ip addr flush dev wlx000f55a91b12
INFO:2019-04-11 14:54:39,411::
Running: sudo iw dev wlx000f55a91b12 set type ibss
INFO:2019-04-11 14:54:39,446::
Running: sudo rfkill unblock all
INFO:2019-04-11 14:54:39,494::
Running: sudo ifconfig wlx000f55a91b12 up
INFO:2019-04-11 14:54:39,766::
Running: sudo iw dev wlx000f55a91b12 ibss join ISE-19 2437 HT20 fixed-freq 02:12:34:56:78:9D
INFO:2019-04-11 14:54:39,777::
Running: sudo ip link set mtu 1500 dev wlx000f55a91b12
INFO:2019-04-11 14:54:39,786::
Running: sudo ifconfig wlx000f55a91b12 10.10.1.14/24
ERROR:2019-04-11 14:54:39,809::
Unexpected interface configuration mode given !
